<?xml version="1.0" encoding="UTF-8"?>
<testsuite xmlns:xsi="http://www.w3.org/2001/XMLSchema-instance" xsi:noNamespaceSchemaLocation="https://maven.apache.org/surefire/maven-surefire-plugin/xsd/surefire-test-report-3.0.xsd" version="3.0" name="sk.adamkatrenic.logic.SlotEngineTest" time="0.042" tests="5" errors="0" skipped="0" failures="0">
  <properties>
[...]
</properties>
  <testcase name="testWildSubstitutionForSeven" classname="sk.adamkatrenic.logic.SlotEngineTest" time="0.02"/>
  <testcase name="testBrokenLineReturnsZero" classname="sk.adamkatrenic.logic.SlotEngineTest" time="0.001"/>
  <testcase name="testCountScatters" classname="sk.adamkatrenic.logic.SlotEngineTest" time="0.001"/>
  <testcase name="testCalculateWinWithThreeCherries" classname="sk.adamkatrenic.logic.SlotEngineTest" time="0.001"/>
  <testcase name="testOnlyWildsOnLine" classname="sk.adamkatrenic.logic.SlotEngineTest" time="0.001"/>
</testsuite>